{"G:\\FrontEnd\\React_Project\\src\\Components\\HeaderComponent.js": {"path":"G:\\FrontEnd\\React_Project\\src\\Components\\HeaderComponent.js","statementMap":{"0":{"start":{"line":7,"column":16},"end":{"line":12,"column":1}},"1":{"start":{"line":8,"column":2},"end":{"line":11,"column":6}},"2":{"start":{"line":14,"column":24},"end":{"line":41,"column":1}},"3":{"start":{"line":15,"column":19},"end":{"line":15,"column":42}},"4":{"start":{"line":16,"column":20},"end":{"line":16,"column":57}},"5":{"start":{"line":16,"column":41},"end":{"line":16,"column":56}},"6":{"start":{"line":18,"column":2},"end":{"line":40,"column":4}}},"fnMap":{"0":{"name":"(anonymous_0)","decl":{"start":{"line":7,"column":16},"end":{"line":7,"column":17}},"loc":{"start":{"line":8,"column":2},"end":{"line":11,"column":6}},"line":8},"1":{"name":"(anonymous_1)","decl":{"start":{"line":14,"column":24},"end":{"line":14,"column":25}},"loc":{"start":{"line":14,"column":30},"end":{"line":41,"column":1}},"line":14},"2":{"name":"(anonymous_2)","decl":{"start":{"line":16,"column":32},"end":{"line":16,"column":33}},"loc":{"start":{"line":16,"column":41},"end":{"line":16,"column":56}},"line":16}},"branchMap":{},"s":{"0":1,"1":1,"2":1,"3":1,"4":1,"5":2,"6":1},"f":{"0":1,"1":1,"2":2},"b":{},"_coverageSchema":"1a1c01bbd47fc00a2c39e90264f33305004495a9","hash":"3e83721de9d19ff81fad00fa7b8607bfd6bdfe26"}
,"G:\\FrontEnd\\React_Project\\src\\Components\\undesatndingTestCase.js": {"path":"G:\\FrontEnd\\React_Project\\src\\Components\\undesatndingTestCase.js","statementMap":{"0":{"start":{"line":9,"column":19},"end":{"line":11,"column":1}},"1":{"start":{"line":10,"column":2},"end":{"line":10,"column":15}}},"fnMap":{"0":{"name":"(anonymous_0)","decl":{"start":{"line":9,"column":19},"end":{"line":9,"column":20}},"loc":{"start":{"line":9,"column":29},"end":{"line":11,"column":1}},"line":9}},"branchMap":{},"s":{"0":1,"1":1},"f":{"0":1},"b":{},"_coverageSchema":"1a1c01bbd47fc00a2c39e90264f33305004495a9","hash":"c54f70e93bd0729a2c29d93ba072e1bd3f6ea9ac"}
,"G:\\FrontEnd\\React_Project\\src\\Utils\\UserContext.js": {"path":"G:\\FrontEnd\\React_Project\\src\\Utils\\UserContext.js","statementMap":{"0":{"start":{"line":3,"column":20},"end":{"line":8,"column":2}}},"fnMap":{},"branchMap":{},"s":{"0":1},"f":{},"b":{},"_coverageSchema":"1a1c01bbd47fc00a2c39e90264f33305004495a9","hash":"4a671066ac0615da62f27e05b015f5a0537e42d8"}
,"G:\\FrontEnd\\React_Project\\src\\Utils\\cartSlice.js": {"path":"G:\\FrontEnd\\React_Project\\src\\Utils\\cartSlice.js","statementMap":{"0":{"start":{"line":3,"column":18},"end":{"line":17,"column":2}},"1":{"start":{"line":11,"column":6},"end":{"line":11,"column":38}},"2":{"start":{"line":14,"column":6},"end":{"line":14,"column":22}},"3":{"start":{"line":19,"column":38},"end":{"line":19,"column":55}}},"fnMap":{"0":{"name":"(anonymous_0)","decl":{"start":{"line":10,"column":13},"end":{"line":10,"column":14}},"loc":{"start":{"line":10,"column":32},"end":{"line":12,"column":5}},"line":10},"1":{"name":"(anonymous_1)","decl":{"start":{"line":13,"column":15},"end":{"line":13,"column":16}},"loc":{"start":{"line":13,"column":26},"end":{"line":15,"column":5}},"line":13}},"branchMap":{},"s":{"0":1,"1":0,"2":0,"3":1},"f":{"0":0,"1":0},"b":{},"_coverageSchema":"1a1c01bbd47fc00a2c39e90264f33305004495a9","hash":"1674a87b8e2905db41afb6e8d97e349ae197b540"}
,"G:\\FrontEnd\\React_Project\\src\\Utils\\store.js": {"path":"G:\\FrontEnd\\React_Project\\src\\Utils\\store.js","statementMap":{"0":{"start":{"line":4,"column":14},"end":{"line":9,"column":2}}},"fnMap":{},"branchMap":{},"s":{"0":1},"f":{},"b":{},"_coverageSchema":"1a1c01bbd47fc00a2c39e90264f33305004495a9","hash":"921e653eaefa60fdf1214c16f2e74911cb39bf0e"}
,"G:\\FrontEnd\\React_Project\\src\\mocks\\dummyLogo.js": {"path":"G:\\FrontEnd\\React_Project\\src\\mocks\\dummyLogo.js","statementMap":{},"fnMap":{},"branchMap":{},"s":{},"f":{},"b":{},"_coverageSchema":"1a1c01bbd47fc00a2c39e90264f33305004495a9","hash":"007e9e1a919216340c6aedcb8b91d06893c709a5"}
}
