{"G:\\FrontEnd\\React_Project\\src\\Components\\undesatndingTestCase.js": {"path":"G:\\FrontEnd\\React_Project\\src\\Components\\undesatndingTestCase.js","statementMap":{"0":{"start":{"line":9,"column":19},"end":{"line":11,"column":1}},"1":{"start":{"line":10,"column":2},"end":{"line":10,"column":15}}},"fnMap":{"0":{"name":"(anonymous_0)","decl":{"start":{"line":9,"column":19},"end":{"line":9,"column":20}},"loc":{"start":{"line":9,"column":29},"end":{"line":11,"column":1}},"line":9}},"branchMap":{},"s":{"0":1,"1":1},"f":{"0":1},"b":{},"_coverageSchema":"1a1c01bbd47fc00a2c39e90264f33305004495a9","hash":"c54f70e93bd0729a2c29d93ba072e1bd3f6ea9ac"}
}
