TN:
SF:src\Components\HeaderComponent.js
FN:7,(anonymous_0)
FN:14,(anonymous_1)
FN:16,(anonymous_2)
FNF:3
FNH:3
FNDA:1,(anonymous_0)
FNDA:1,(anonymous_1)
FNDA:2,(anonymous_2)
DA:7,1
DA:8,1
DA:14,1
DA:15,1
DA:16,2
DA:18,1
LF:6
LH:6
BRF:0
BRH:0
end_of_record
TN:
SF:src\Components\undesatndingTestCase.js
FN:9,(anonymous_0)
FNF:1
FNH:1
FNDA:1,(anonymous_0)
DA:9,1
DA:10,1
LF:2
LH:2
BRF:0
BRH:0
end_of_record
TN:
SF:src\Utils\UserContext.js
FNF:0
FNH:0
DA:3,1
LF:1
LH:1
BRF:0
BRH:0
end_of_record
TN:
SF:src\Utils\cartSlice.js
FN:10,(anonymous_0)
FN:13,(anonymous_1)
FNF:2
FNH:0
FNDA:0,(anonymous_0)
FNDA:0,(anonymous_1)
DA:3,1
DA:11,0
DA:14,0
DA:19,1
LF:4
LH:2
BRF:0
BRH:0
end_of_record
TN:
SF:src\Utils\store.js
FNF:0
FNH:0
DA:4,1
LF:1
LH:1
BRF:0
BRH:0
end_of_record
TN:
SF:src\mocks\dummyLogo.js
FNF:0
FNH:0
LF:0
LH:0
BRF:0
BRH:0
end_of_record
